Analysis & Synthesis report for final
Fri Dec 30 14:42:17 2022
Quartus Prime Version 18.1.0 Build 625 09/12/2018 SJ Lite Edition


---------------------
; Table of Contents ;
---------------------
  1. Legal Notice
  2. Analysis & Synthesis Summary
  3. Analysis & Synthesis Settings
  4. Parallel Compilation
  5. Analysis & Synthesis Source Files Read
  6. Analysis & Synthesis Resource Usage Summary
  7. Analysis & Synthesis Resource Utilization by Entity
  8. User-Specified and Inferred Latches
  9. Registers Removed During Synthesis
 10. General Register Statistics
 11. Inverted Register Statistics
 12. Multiplexer Restructuring Statistics (Restructuring Performed)
 13. Parameter Settings for User Entity Instance: Controller:md
 14. Port Connectivity Checks: "Controller:md"
 15. Post-Synthesis Netlist Statistics for Top Partition
 16. Elapsed Time Per Partition
 17. Analysis & Synthesis Messages
 18. Analysis & Synthesis Suppressed Messages



----------------
; Legal Notice ;
----------------
Copyright (C) 2018  Intel Corporation. All rights reserved.
Your use of Intel Corporation's design tools, logic functions 
and other software and tools, and its AMPP partner logic 
functions, and any output files from any of the foregoing 
(including device programming or simulation files), and any 
associated documentation or information are expressly subject 
to the terms and conditions of the Intel Program License 
Subscription Agreement, the Intel Quartus Prime License Agreement,
the Intel FPGA IP License Agreement, or other applicable license
agreement, including, without limitation, that your use is for
the sole purpose of programming logic devices manufactured by
Intel and sold by Intel or its authorized distributors.  Please
refer to the applicable agreement for further details.



+-------------------------------------------------------------------------------+
; Analysis & Synthesis Summary                                                  ;
+---------------------------------+---------------------------------------------+
; Analysis & Synthesis Status     ; Successful - Fri Dec 30 14:42:17 2022       ;
; Quartus Prime Version           ; 18.1.0 Build 625 09/12/2018 SJ Lite Edition ;
; Revision Name                   ; final                                       ;
; Top-level Entity Name           ; final                                       ;
; Family                          ; Cyclone V                                   ;
; Logic utilization (in ALMs)     ; N/A                                         ;
; Total registers                 ; 100                                         ;
; Total pins                      ; 81                                          ;
; Total virtual pins              ; 0                                           ;
; Total block memory bits         ; 0                                           ;
; Total DSP Blocks                ; 0                                           ;
; Total HSSI RX PCSs              ; 0                                           ;
; Total HSSI PMA RX Deserializers ; 0                                           ;
; Total HSSI TX PCSs              ; 0                                           ;
; Total HSSI PMA TX Serializers   ; 0                                           ;
; Total PLLs                      ; 0                                           ;
; Total DLLs                      ; 0                                           ;
+---------------------------------+---------------------------------------------+


+---------------------------------------------------------------------------------------------------------------------------+
; Analysis & Synthesis Settings                                                                                             ;
+---------------------------------------------------------------------------------+--------------------+--------------------+
; Option                                                                          ; Setting            ; Default Value      ;
+---------------------------------------------------------------------------------+--------------------+--------------------+
; Device                                                                          ; 5CEFA4F23C7        ;                    ;
; Top-level entity name                                                           ; final              ; final              ;
; Family name                                                                     ; Cyclone V          ; Cyclone V          ;
; Use smart compilation                                                           ; Off                ; Off                ;
; Enable parallel Assembler and Timing Analyzer during compilation                ; On                 ; On                 ;
; Enable compact report table                                                     ; Off                ; Off                ;
; Restructure Multiplexers                                                        ; Auto               ; Auto               ;
; MLAB Add Timing Constraints For Mixed-Port Feed-Through Mode Setting Don't Care ; Off                ; Off                ;
; Create Debugging Nodes for IP Cores                                             ; Off                ; Off                ;
; Preserve fewer node names                                                       ; On                 ; On                 ;
; Intel FPGA IP Evaluation Mode                                                   ; Enable             ; Enable             ;
; Verilog Version                                                                 ; Verilog_2001       ; Verilog_2001       ;
; VHDL Version                                                                    ; VHDL_1993          ; VHDL_1993          ;
; State Machine Processing                                                        ; Auto               ; Auto               ;
; Safe State Machine                                                              ; Off                ; Off                ;
; Extract Verilog State Machines                                                  ; On                 ; On                 ;
; Extract VHDL State Machines                                                     ; On                 ; On                 ;
; Ignore Verilog initial constructs                                               ; Off                ; Off                ;
; Iteration limit for constant Verilog loops                                      ; 5000               ; 5000               ;
; Iteration limit for non-constant Verilog loops                                  ; 250                ; 250                ;
; Add Pass-Through Logic to Inferred RAMs                                         ; On                 ; On                 ;
; Infer RAMs from Raw Logic                                                       ; On                 ; On                 ;
; Parallel Synthesis                                                              ; On                 ; On                 ;
; DSP Block Balancing                                                             ; Auto               ; Auto               ;
; NOT Gate Push-Back                                                              ; On                 ; On                 ;
; Power-Up Don't Care                                                             ; On                 ; On                 ;
; Remove Redundant Logic Cells                                                    ; Off                ; Off                ;
; Remove Duplicate Registers                                                      ; On                 ; On                 ;
; Ignore CARRY Buffers                                                            ; Off                ; Off                ;
; Ignore CASCADE Buffers                                                          ; Off                ; Off                ;
; Ignore GLOBAL Buffers                                                           ; Off                ; Off                ;
; Ignore ROW GLOBAL Buffers                                                       ; Off                ; Off                ;
; Ignore LCELL Buffers                                                            ; Off                ; Off                ;
; Ignore SOFT Buffers                                                             ; On                 ; On                 ;
; Limit AHDL Integers to 32 Bits                                                  ; Off                ; Off                ;
; Optimization Technique                                                          ; Balanced           ; Balanced           ;
; Carry Chain Length                                                              ; 70                 ; 70                 ;
; Auto Carry Chains                                                               ; On                 ; On                 ;
; Auto Open-Drain Pins                                                            ; On                 ; On                 ;
; Perform WYSIWYG Primitive Resynthesis                                           ; Off                ; Off                ;
; Auto ROM Replacement                                                            ; On                 ; On                 ;
; Auto RAM Replacement                                                            ; On                 ; On                 ;
; Auto DSP Block Replacement                                                      ; On                 ; On                 ;
; Auto Shift Register Replacement                                                 ; Auto               ; Auto               ;
; Allow Shift Register Merging across Hierarchies                                 ; Auto               ; Auto               ;
; Auto Clock Enable Replacement                                                   ; On                 ; On                 ;
; Strict RAM Replacement                                                          ; Off                ; Off                ;
; Allow Synchronous Control Signals                                               ; On                 ; On                 ;
; Force Use of Synchronous Clear Signals                                          ; Off                ; Off                ;
; Auto Resource Sharing                                                           ; Off                ; Off                ;
; Allow Any RAM Size For Recognition                                              ; Off                ; Off                ;
; Allow Any ROM Size For Recognition                                              ; Off                ; Off                ;
; Allow Any Shift Register Size For Recognition                                   ; Off                ; Off                ;
; Use LogicLock Constraints during Resource Balancing                             ; On                 ; On                 ;
; Ignore translate_off and synthesis_off directives                               ; Off                ; Off                ;
; Timing-Driven Synthesis                                                         ; On                 ; On                 ;
; Report Parameter Settings                                                       ; On                 ; On                 ;
; Report Source Assignments                                                       ; On                 ; On                 ;
; Report Connectivity Checks                                                      ; On                 ; On                 ;
; Ignore Maximum Fan-Out Assignments                                              ; Off                ; Off                ;
; Synchronization Register Chain Length                                           ; 3                  ; 3                  ;
; Power Optimization During Synthesis                                             ; Normal compilation ; Normal compilation ;
; HDL message level                                                               ; Level2             ; Level2             ;
; Suppress Register Optimization Related Messages                                 ; Off                ; Off                ;
; Number of Removed Registers Reported in Synthesis Report                        ; 5000               ; 5000               ;
; Number of Swept Nodes Reported in Synthesis Report                              ; 5000               ; 5000               ;
; Number of Inverted Registers Reported in Synthesis Report                       ; 100                ; 100                ;
; Clock MUX Protection                                                            ; On                 ; On                 ;
; Auto Gated Clock Conversion                                                     ; Off                ; Off                ;
; Block Design Naming                                                             ; Auto               ; Auto               ;
; SDC constraint protection                                                       ; Off                ; Off                ;
; Synthesis Effort                                                                ; Auto               ; Auto               ;
; Shift Register Replacement - Allow Asynchronous Clear Signal                    ; On                 ; On                 ;
; Pre-Mapping Resynthesis Optimization                                            ; Off                ; Off                ;
; Analysis & Synthesis Message Level                                              ; Medium             ; Medium             ;
; Disable Register Merging Across Hierarchies                                     ; Auto               ; Auto               ;
; Resource Aware Inference For Block RAM                                          ; On                 ; On                 ;
; Automatic Parallel Synthesis                                                    ; On                 ; On                 ;
; Partial Reconfiguration Bitstream ID                                            ; Off                ; Off                ;
+---------------------------------------------------------------------------------+--------------------+--------------------+


+------------------------------------------+
; Parallel Compilation                     ;
+----------------------------+-------------+
; Processors                 ; Number      ;
+----------------------------+-------------+
; Number detected on machine ; 8           ;
; Maximum allowed            ; 4           ;
;                            ;             ;
; Average used               ; 1.00        ;
; Maximum used               ; 4           ;
;                            ;             ;
; Usage by Processor         ; % Time Used ;
;     Processor 1            ; 100.0%      ;
;     Processors 2-4         ;   0.0%      ;
+----------------------------+-------------+


+--------------------------------------------------------------------------------------------------------------------------------------------------+
; Analysis & Synthesis Source Files Read                                                                                                           ;
+----------------------------------+-----------------+------------------------------+----------------------------------------------------+---------+
; File Name with User-Entered Path ; Used in Netlist ; File Type                    ; File Name with Absolute Path                       ; Library ;
+----------------------------------+-----------------+------------------------------+----------------------------------------------------+---------+
; Checkkeypad.v                    ; yes             ; User Verilog HDL File        ; C:/intelFPGA_lite/guess_number/Checkkeypad.v       ;         ;
; FrequencyDivider.v               ; yes             ; User Verilog HDL File        ; C:/intelFPGA_lite/guess_number/FrequencyDivider.v  ;         ;
; Match.v                          ; yes             ; User Verilog HDL File        ; C:/intelFPGA_lite/guess_number/Match.v             ;         ;
; SevenDisplay.v                   ; yes             ; User Verilog HDL File        ; C:/intelFPGA_lite/guess_number/SevenDisplay.v      ;         ;
; final.v                          ; yes             ; User Verilog HDL File        ; C:/intelFPGA_lite/guess_number/final.v             ;         ;
; DotMatrix.v                      ; yes             ; User Verilog HDL File        ; C:/intelFPGA_lite/guess_number/DotMatrix.v         ;         ;
; FrequencyDivider2.v              ; yes             ; User Verilog HDL File        ; C:/intelFPGA_lite/guess_number/FrequencyDivider2.v ;         ;
; controller.v                     ; yes             ; Auto-Found Verilog HDL File  ; C:/intelFPGA_lite/guess_number/controller.v        ;         ;
+----------------------------------+-----------------+------------------------------+----------------------------------------------------+---------+


+---------------------------------------------------------+
; Analysis & Synthesis Resource Usage Summary             ;
+---------------------------------------------+-----------+
; Resource                                    ; Usage     ;
+---------------------------------------------+-----------+
; Estimate of Logic utilization (ALMs needed) ; 126       ;
;                                             ;           ;
; Combinational ALUT usage for logic          ; 224       ;
;     -- 7 input functions                    ; 4         ;
;     -- 6 input functions                    ; 23        ;
;     -- 5 input functions                    ; 38        ;
;     -- 4 input functions                    ; 38        ;
;     -- <=3 input functions                  ; 121       ;
;                                             ;           ;
; Dedicated logic registers                   ; 100       ;
;                                             ;           ;
; I/O pins                                    ; 81        ;
;                                             ;           ;
; Total DSP Blocks                            ; 0         ;
;                                             ;           ;
; Maximum fan-out node                        ; rst~input ;
; Maximum fan-out                             ; 98        ;
; Total fan-out                               ; 1298      ;
; Average fan-out                             ; 2.67      ;
+---------------------------------------------+-----------+


+-------------------------------------------------------------------------------------------------------------------------------------------------------------------------------------------------------+
; Analysis & Synthesis Resource Utilization by Entity                                                                                                                                                   ;
+----------------------------+---------------------+---------------------------+-------------------+------------+------+--------------+------------------------------+-------------------+--------------+
; Compilation Hierarchy Node ; Combinational ALUTs ; Dedicated Logic Registers ; Block Memory Bits ; DSP Blocks ; Pins ; Virtual Pins ; Full Hierarchy Name          ; Entity Name       ; Library Name ;
+----------------------------+---------------------+---------------------------+-------------------+------------+------+--------------+------------------------------+-------------------+--------------+
; |final                     ; 224 (0)             ; 100 (0)                   ; 0                 ; 0          ; 81   ; 0            ; |final                       ; final             ; work         ;
;    |Checkkeypad:cp|        ; 10 (10)             ; 8 (8)                     ; 0                 ; 0          ; 0    ; 0            ; |final|Checkkeypad:cp        ; Checkkeypad       ; work         ;
;    |Controller:md|         ; 43 (43)             ; 2 (2)                     ; 0                 ; 0          ; 0    ; 0            ; |final|Controller:md         ; Controller        ; work         ;
;    |DotMatrix:dm|          ; 25 (25)             ; 24 (24)                   ; 0                 ; 0          ; 0    ; 0            ; |final|DotMatrix:dm          ; DotMatrix         ; work         ;
;    |FrequencyDivider2:fd2| ; 40 (40)             ; 33 (33)                   ; 0                 ; 0          ; 0    ; 0            ; |final|FrequencyDivider2:fd2 ; FrequencyDivider2 ; work         ;
;    |FrequencyDivider:fd|   ; 40 (40)             ; 33 (33)                   ; 0                 ; 0          ; 0    ; 0            ; |final|FrequencyDivider:fd   ; FrequencyDivider  ; work         ;
;    |Match:mt|              ; 49 (49)             ; 0 (0)                     ; 0                 ; 0          ; 0    ; 0            ; |final|Match:mt              ; Match             ; work         ;
;    |SevenDisplay:sd|       ; 17 (17)             ; 0 (0)                     ; 0                 ; 0          ; 0    ; 0            ; |final|SevenDisplay:sd       ; SevenDisplay      ; work         ;
+----------------------------+---------------------+---------------------------+-------------------+------------+------+--------------+------------------------------+-------------------+--------------+
Note: For table entries with two numbers listed, the numbers in parentheses indicate the number of resources of the given type used by the specific entity alone. The numbers listed outside of parentheses indicate the total resources of the given type used by the specific entity and all of its sub-entities in the hierarchy.


+----------------------------------------------------------------------------------------------------+
; User-Specified and Inferred Latches                                                                ;
+-----------------------------------------------------+---------------------+------------------------+
; Latch Name                                          ; Latch Enable Signal ; Free of Timing Hazards ;
+-----------------------------------------------------+---------------------+------------------------+
; Controller:md|a1[0]                                 ; Controller:md|a1[3] ; yes                    ;
; Controller:md|q1[0]                                 ; Controller:md|q1[3] ; yes                    ;
; Controller:md|a1[1]                                 ; Controller:md|a1[3] ; yes                    ;
; Controller:md|q1[1]                                 ; Controller:md|q1[3] ; yes                    ;
; Controller:md|a1[2]                                 ; Controller:md|a1[3] ; yes                    ;
; Controller:md|q1[2]                                 ; Controller:md|q1[3] ; yes                    ;
; Controller:md|a1[3]                                 ; Controller:md|a1[3] ; yes                    ;
; Controller:md|q1[3]                                 ; Controller:md|q1[3] ; yes                    ;
; Controller:md|a2[0]                                 ; Controller:md|a2[3] ; yes                    ;
; Controller:md|q2[0]                                 ; Controller:md|q2[3] ; yes                    ;
; Controller:md|q2[1]                                 ; Controller:md|q2[3] ; yes                    ;
; Controller:md|a2[1]                                 ; Controller:md|a2[3] ; yes                    ;
; Controller:md|a2[2]                                 ; Controller:md|a2[3] ; yes                    ;
; Controller:md|q2[2]                                 ; Controller:md|q2[3] ; yes                    ;
; Controller:md|a2[3]                                 ; Controller:md|a2[3] ; yes                    ;
; Controller:md|q2[3]                                 ; Controller:md|q2[3] ; yes                    ;
; Controller:md|a3[0]                                 ; Controller:md|a3[3] ; yes                    ;
; Controller:md|q3[0]                                 ; Controller:md|q3[3] ; yes                    ;
; Controller:md|a3[1]                                 ; Controller:md|a3[3] ; yes                    ;
; Controller:md|q3[1]                                 ; Controller:md|q3[3] ; yes                    ;
; Controller:md|a3[2]                                 ; Controller:md|a3[3] ; yes                    ;
; Controller:md|q3[2]                                 ; Controller:md|q3[3] ; yes                    ;
; Controller:md|a3[3]                                 ; Controller:md|a3[3] ; yes                    ;
; Controller:md|q3[3]                                 ; Controller:md|q3[3] ; yes                    ;
; Controller:md|a4[0]                                 ; Controller:md|a4[3] ; yes                    ;
; Controller:md|q4[0]                                 ; Controller:md|q4[3] ; yes                    ;
; Controller:md|a4[1]                                 ; Controller:md|a4[3] ; yes                    ;
; Controller:md|q4[1]                                 ; Controller:md|q4[3] ; yes                    ;
; Controller:md|a4[2]                                 ; Controller:md|a4[3] ; yes                    ;
; Controller:md|q4[2]                                 ; Controller:md|q4[3] ; yes                    ;
; Controller:md|a4[3]                                 ; Controller:md|a4[3] ; yes                    ;
; Controller:md|q4[3]                                 ; Controller:md|q4[3] ; yes                    ;
; Number of user-specified and inferred latches = 32  ;                     ;                        ;
+-----------------------------------------------------+---------------------+------------------------+
Note: All latches listed above may not be present at the end of synthesis due to various synthesis optimizations.


+--------------------------------------------------------------------------------+
; Registers Removed During Synthesis                                             ;
+---------------------------------------+----------------------------------------+
; Register name                         ; Reason for Removal                     ;
+---------------------------------------+----------------------------------------+
; DotMatrix:dm|dot_col1[0]              ; Stuck at GND due to stuck port data_in ;
; DotMatrix:dm|dot_col2[0,7]            ; Stuck at GND due to stuck port data_in ;
; Controller:md|digit_state[2,3]        ; Stuck at GND due to stuck port data_in ;
; Total Number of Removed Registers = 5 ;                                        ;
+---------------------------------------+----------------------------------------+


+------------------------------------------------------+
; General Register Statistics                          ;
+----------------------------------------------+-------+
; Statistic                                    ; Value ;
+----------------------------------------------+-------+
; Total registers                              ; 100   ;
; Number of registers using Synchronous Clear  ; 71    ;
; Number of registers using Synchronous Load   ; 2     ;
; Number of registers using Asynchronous Clear ; 98    ;
; Number of registers using Asynchronous Load  ; 0     ;
; Number of registers using Clock Enable       ; 6     ;
; Number of registers using Preset             ; 0     ;
+----------------------------------------------+-------+


+---------------------------------------------------+
; Inverted Register Statistics                      ;
+-----------------------------------------+---------+
; Inverted Register                       ; Fan out ;
+-----------------------------------------+---------+
; Checkkeypad:cp|keypadRow[1]             ; 10      ;
; Checkkeypad:cp|keypadRow[2]             ; 10      ;
; Checkkeypad:cp|keypadRow[3]             ; 10      ;
; DotMatrix:dm|dot_row[0]                 ; 1       ;
; DotMatrix:dm|dot_row[1]                 ; 1       ;
; DotMatrix:dm|dot_row[2]                 ; 1       ;
; DotMatrix:dm|dot_row[3]                 ; 1       ;
; DotMatrix:dm|dot_row[4]                 ; 1       ;
; DotMatrix:dm|dot_row[5]                 ; 1       ;
; DotMatrix:dm|dot_row[6]                 ; 1       ;
; DotMatrix:dm|dot_row[7]                 ; 1       ;
; Total number of inverted registers = 11 ;         ;
+-----------------------------------------+---------+


+---------------------------------------------------------------------------------------------------------------------------------------------------+
; Multiplexer Restructuring Statistics (Restructuring Performed)                                                                                    ;
+--------------------+-----------+---------------+----------------------+------------------------+------------+-------------------------------------+
; Multiplexer Inputs ; Bus Width ; Baseline Area ; Area if Restructured ; Saving if Restructured ; Registered ; Example Multiplexer Output          ;
+--------------------+-----------+---------------+----------------------+------------------------+------------+-------------------------------------+
; 5:1                ; 2 bits    ; 6 LEs         ; 4 LEs                ; 2 LEs                  ; Yes        ; |final|Controller:md|digit_state[0] ;
; 10:1               ; 4 bits    ; 24 LEs        ; 24 LEs               ; 0 LEs                  ; Yes        ; |final|DotMatrix:dm|dot_col1[2]     ;
; 256:1              ; 4 bits    ; 680 LEs       ; 40 LEs               ; 640 LEs                ; Yes        ; |final|Checkkeypad:cp|keypadBuf[0]  ;
+--------------------+-----------+---------------+----------------------+------------------------+------------+-------------------------------------+


+------------------------------------------------------------+
; Parameter Settings for User Entity Instance: Controller:md ;
+----------------+-------+-----------------------------------+
; Parameter Name ; Value ; Type                              ;
+----------------+-------+-----------------------------------+
; d_4            ; 3     ; Signed Integer                    ;
; d_3            ; 2     ; Signed Integer                    ;
; d_2            ; 1     ; Signed Integer                    ;
; d_1            ; 0     ; Signed Integer                    ;
+----------------+-------+-----------------------------------+
Note: In order to hide this table in the UI and the text report file, please set the "Show Parameter Settings in Synthesis Report" option in "Analysis and Synthesis Settings -> More Settings" to "Off".


+------------------------------------------------------------------------------------------------------------------------------------------------------------------+
; Port Connectivity Checks: "Controller:md"                                                                                                                        ;
+-------------+--------+----------+--------------------------------------------------------------------------------------------------------------------------------+
; Port        ; Type   ; Severity ; Details                                                                                                                        ;
+-------------+--------+----------+--------------------------------------------------------------------------------------------------------------------------------+
; digit_state ; Output ; Warning  ; Output or bidir port (4 bits) is wider than the port expression (2 bits) it drives; bit(s) "digit_state[3..2]" have no fanouts ;
+-------------+--------+----------+--------------------------------------------------------------------------------------------------------------------------------+


+-----------------------------------------------------+
; Post-Synthesis Netlist Statistics for Top Partition ;
+-----------------------+-----------------------------+
; Type                  ; Count                       ;
+-----------------------+-----------------------------+
; arriav_ff             ; 100                         ;
;     CLR               ; 21                          ;
;     CLR SCLR          ; 71                          ;
;     CLR SLD           ; 2                           ;
;     ENA               ; 2                           ;
;     ENA CLR           ; 4                           ;
; arriav_lcell_comb     ; 238                         ;
;     arith             ; 64                          ;
;         1 data inputs ; 64                          ;
;     extend            ; 4                           ;
;         7 data inputs ; 4                           ;
;     normal            ; 167                         ;
;         0 data inputs ; 2                           ;
;         1 data inputs ; 12                          ;
;         2 data inputs ; 12                          ;
;         3 data inputs ; 42                          ;
;         4 data inputs ; 38                          ;
;         5 data inputs ; 38                          ;
;         6 data inputs ; 23                          ;
;     shared            ; 3                           ;
;         2 data inputs ; 1                           ;
;         3 data inputs ; 2                           ;
; boundary_port         ; 81                          ;
;                       ;                             ;
; Max LUT depth         ; 6.20                        ;
; Average LUT depth     ; 3.11                        ;
+-----------------------+-----------------------------+


+-------------------------------+
; Elapsed Time Per Partition    ;
+----------------+--------------+
; Partition Name ; Elapsed Time ;
+----------------+--------------+
; Top            ; 00:00:00     ;
+----------------+--------------+


+-------------------------------+
; Analysis & Synthesis Messages ;
+-------------------------------+
Info: *******************************************************************
Info: Running Quartus Prime Analysis & Synthesis
    Info: Version 18.1.0 Build 625 09/12/2018 SJ Lite Edition
    Info: Processing started: Fri Dec 30 14:42:08 2022
Info: Command: quartus_map --read_settings_files=on --write_settings_files=off final -c final
Warning (18236): Number of processors has not been specified which may cause overloading on shared machines.  Set the global assignment NUM_PARALLEL_PROCESSORS in your QSF to an appropriate value for best performance.
Info (20030): Parallel compilation is enabled and will use 4 of the 4 processors detected
Info (12021): Found 1 design units, including 1 entities, in source file checkkeypad.v
    Info (12023): Found entity 1: Checkkeypad File: C:/intelFPGA_lite/guess_number/Checkkeypad.v Line: 1
Warning (12019): Can't analyze file -- file Mode.v is missing
Info (12021): Found 1 design units, including 1 entities, in source file frequencydivider.v
    Info (12023): Found entity 1: FrequencyDivider File: C:/intelFPGA_lite/guess_number/FrequencyDivider.v Line: 3
Info (12021): Found 1 design units, including 1 entities, in source file match.v
    Info (12023): Found entity 1: Match File: C:/intelFPGA_lite/guess_number/Match.v Line: 1
Warning (10274): Verilog HDL macro warning at SevenDisplay.v(2): overriding existing definition for macro "TimeExpire", which was defined in "FrequencyDivider.v", line 2 File: C:/intelFPGA_lite/guess_number/SevenDisplay.v Line: 2
Info (12021): Found 1 design units, including 1 entities, in source file sevendisplay.v
    Info (12023): Found entity 1: SevenDisplay File: C:/intelFPGA_lite/guess_number/SevenDisplay.v Line: 2
Warning (10463): Verilog HDL Declaration warning at final.v(1): "final" is SystemVerilog-2005 keyword File: C:/intelFPGA_lite/guess_number/final.v Line: 1
Info (12021): Found 1 design units, including 1 entities, in source file final.v
    Info (12023): Found entity 1: final File: C:/intelFPGA_lite/guess_number/final.v Line: 1
Info (12021): Found 1 design units, including 1 entities, in source file dotmatrix.v
    Info (12023): Found entity 1: DotMatrix File: C:/intelFPGA_lite/guess_number/DotMatrix.v Line: 1
Warning (10274): Verilog HDL macro warning at FrequencyDivider2.v(2): overriding existing definition for macro "TimeExpire", which was defined in "FrequencyDivider.v", line 2 File: C:/intelFPGA_lite/guess_number/FrequencyDivider2.v Line: 2
Info (12021): Found 1 design units, including 1 entities, in source file frequencydivider2.v
    Info (12023): Found entity 1: FrequencyDivider2 File: C:/intelFPGA_lite/guess_number/FrequencyDivider2.v Line: 3
Info (12127): Elaborating entity "final" for the top level hierarchy
Info (12128): Elaborating entity "FrequencyDivider" for hierarchy "FrequencyDivider:fd" File: C:/intelFPGA_lite/guess_number/final.v Line: 17
Info (12128): Elaborating entity "FrequencyDivider2" for hierarchy "FrequencyDivider2:fd2" File: C:/intelFPGA_lite/guess_number/final.v Line: 18
Info (12128): Elaborating entity "Checkkeypad" for hierarchy "Checkkeypad:cp" File: C:/intelFPGA_lite/guess_number/final.v Line: 19
Warning (10036): Verilog HDL or VHDL warning at Checkkeypad.v(10): object "keypadDelay" assigned a value but never read File: C:/intelFPGA_lite/guess_number/Checkkeypad.v Line: 10
Warning (12125): Using design file controller.v, which is not specified as a design file for the current project, but contains definitions for 1 design units and 1 entities in project
    Info (12023): Found entity 1: Controller File: C:/intelFPGA_lite/guess_number/controller.v Line: 1
Info (12128): Elaborating entity "Controller" for hierarchy "Controller:md" File: C:/intelFPGA_lite/guess_number/final.v Line: 20
Warning (10230): Verilog HDL assignment warning at controller.v(31): truncated value with size 32 to match size of target (2) File: C:/intelFPGA_lite/guess_number/controller.v Line: 31
Warning (10230): Verilog HDL assignment warning at controller.v(33): truncated value with size 32 to match size of target (2) File: C:/intelFPGA_lite/guess_number/controller.v Line: 33
Warning (10230): Verilog HDL assignment warning at controller.v(35): truncated value with size 32 to match size of target (2) File: C:/intelFPGA_lite/guess_number/controller.v Line: 35
Warning (10230): Verilog HDL assignment warning at controller.v(37): truncated value with size 32 to match size of target (2) File: C:/intelFPGA_lite/guess_number/controller.v Line: 37
Warning (10235): Verilog HDL Always Construct warning at controller.v(39): variable "digit_state" is read inside the Always Construct but isn't in the Always Construct's Event Control File: C:/intelFPGA_lite/guess_number/controller.v Line: 39
Warning (10230): Verilog HDL assignment warning at controller.v(39): truncated value with size 4 to match size of target (2) File: C:/intelFPGA_lite/guess_number/controller.v Line: 39
Warning (10235): Verilog HDL Always Construct warning at controller.v(45): variable "state" is read inside the Always Construct but isn't in the Always Construct's Event Control File: C:/intelFPGA_lite/guess_number/controller.v Line: 45
Warning (10235): Verilog HDL Always Construct warning at controller.v(47): variable "digit_state" is read inside the Always Construct but isn't in the Always Construct's Event Control File: C:/intelFPGA_lite/guess_number/controller.v Line: 47
Warning (10270): Verilog HDL Case Statement warning at controller.v(47): incomplete case statement has no default case item File: C:/intelFPGA_lite/guess_number/controller.v Line: 47
Warning (10235): Verilog HDL Always Construct warning at controller.v(56): variable "digit_state" is read inside the Always Construct but isn't in the Always Construct's Event Control File: C:/intelFPGA_lite/guess_number/controller.v Line: 56
Warning (10270): Verilog HDL Case Statement warning at controller.v(56): incomplete case statement has no default case item File: C:/intelFPGA_lite/guess_number/controller.v Line: 56
Warning (10240): Verilog HDL Always Construct warning at controller.v(43): inferring latch(es) for variable "q4", which holds its previous value in one or more paths through the always construct File: C:/intelFPGA_lite/guess_number/controller.v Line: 43
Warning (10240): Verilog HDL Always Construct warning at controller.v(43): inferring latch(es) for variable "q3", which holds its previous value in one or more paths through the always construct File: C:/intelFPGA_lite/guess_number/controller.v Line: 43
Warning (10240): Verilog HDL Always Construct warning at controller.v(43): inferring latch(es) for variable "q2", which holds its previous value in one or more paths through the always construct File: C:/intelFPGA_lite/guess_number/controller.v Line: 43
Warning (10240): Verilog HDL Always Construct warning at controller.v(43): inferring latch(es) for variable "q1", which holds its previous value in one or more paths through the always construct File: C:/intelFPGA_lite/guess_number/controller.v Line: 43
Warning (10240): Verilog HDL Always Construct warning at controller.v(43): inferring latch(es) for variable "a4", which holds its previous value in one or more paths through the always construct File: C:/intelFPGA_lite/guess_number/controller.v Line: 43
Warning (10240): Verilog HDL Always Construct warning at controller.v(43): inferring latch(es) for variable "a3", which holds its previous value in one or more paths through the always construct File: C:/intelFPGA_lite/guess_number/controller.v Line: 43
Warning (10240): Verilog HDL Always Construct warning at controller.v(43): inferring latch(es) for variable "a2", which holds its previous value in one or more paths through the always construct File: C:/intelFPGA_lite/guess_number/controller.v Line: 43
Warning (10240): Verilog HDL Always Construct warning at controller.v(43): inferring latch(es) for variable "a1", which holds its previous value in one or more paths through the always construct File: C:/intelFPGA_lite/guess_number/controller.v Line: 43
Info (10041): Inferred latch for "a1[0]" at controller.v(56) File: C:/intelFPGA_lite/guess_number/controller.v Line: 56
Info (10041): Inferred latch for "a1[1]" at controller.v(56) File: C:/intelFPGA_lite/guess_number/controller.v Line: 56
Info (10041): Inferred latch for "a1[2]" at controller.v(56) File: C:/intelFPGA_lite/guess_number/controller.v Line: 56
Info (10041): Inferred latch for "a1[3]" at controller.v(56) File: C:/intelFPGA_lite/guess_number/controller.v Line: 56
Info (10041): Inferred latch for "a2[0]" at controller.v(56) File: C:/intelFPGA_lite/guess_number/controller.v Line: 56
Info (10041): Inferred latch for "a2[1]" at controller.v(56) File: C:/intelFPGA_lite/guess_number/controller.v Line: 56
Info (10041): Inferred latch for "a2[2]" at controller.v(56) File: C:/intelFPGA_lite/guess_number/controller.v Line: 56
Info (10041): Inferred latch for "a2[3]" at controller.v(56) File: C:/intelFPGA_lite/guess_number/controller.v Line: 56
Info (10041): Inferred latch for "a3[0]" at controller.v(56) File: C:/intelFPGA_lite/guess_number/controller.v Line: 56
Info (10041): Inferred latch for "a3[1]" at controller.v(56) File: C:/intelFPGA_lite/guess_number/controller.v Line: 56
Info (10041): Inferred latch for "a3[2]" at controller.v(56) File: C:/intelFPGA_lite/guess_number/controller.v Line: 56
Info (10041): Inferred latch for "a3[3]" at controller.v(56) File: C:/intelFPGA_lite/guess_number/controller.v Line: 56
Info (10041): Inferred latch for "a4[0]" at controller.v(56) File: C:/intelFPGA_lite/guess_number/controller.v Line: 56
Info (10041): Inferred latch for "a4[1]" at controller.v(56) File: C:/intelFPGA_lite/guess_number/controller.v Line: 56
Info (10041): Inferred latch for "a4[2]" at controller.v(56) File: C:/intelFPGA_lite/guess_number/controller.v Line: 56
Info (10041): Inferred latch for "a4[3]" at controller.v(56) File: C:/intelFPGA_lite/guess_number/controller.v Line: 56
Info (10041): Inferred latch for "q1[0]" at controller.v(56) File: C:/intelFPGA_lite/guess_number/controller.v Line: 56
Info (10041): Inferred latch for "q1[1]" at controller.v(56) File: C:/intelFPGA_lite/guess_number/controller.v Line: 56
Info (10041): Inferred latch for "q1[2]" at controller.v(56) File: C:/intelFPGA_lite/guess_number/controller.v Line: 56
Info (10041): Inferred latch for "q1[3]" at controller.v(56) File: C:/intelFPGA_lite/guess_number/controller.v Line: 56
Info (10041): Inferred latch for "q2[0]" at controller.v(56) File: C:/intelFPGA_lite/guess_number/controller.v Line: 56
Info (10041): Inferred latch for "q2[1]" at controller.v(56) File: C:/intelFPGA_lite/guess_number/controller.v Line: 56
Info (10041): Inferred latch for "q2[2]" at controller.v(56) File: C:/intelFPGA_lite/guess_number/controller.v Line: 56
Info (10041): Inferred latch for "q2[3]" at controller.v(56) File: C:/intelFPGA_lite/guess_number/controller.v Line: 56
Info (10041): Inferred latch for "q3[0]" at controller.v(56) File: C:/intelFPGA_lite/guess_number/controller.v Line: 56
Info (10041): Inferred latch for "q3[1]" at controller.v(56) File: C:/intelFPGA_lite/guess_number/controller.v Line: 56
Info (10041): Inferred latch for "q3[2]" at controller.v(56) File: C:/intelFPGA_lite/guess_number/controller.v Line: 56
Info (10041): Inferred latch for "q3[3]" at controller.v(56) File: C:/intelFPGA_lite/guess_number/controller.v Line: 56
Info (10041): Inferred latch for "q4[0]" at controller.v(56) File: C:/intelFPGA_lite/guess_number/controller.v Line: 56
Info (10041): Inferred latch for "q4[1]" at controller.v(56) File: C:/intelFPGA_lite/guess_number/controller.v Line: 56
Info (10041): Inferred latch for "q4[2]" at controller.v(56) File: C:/intelFPGA_lite/guess_number/controller.v Line: 56
Info (10041): Inferred latch for "q4[3]" at controller.v(56) File: C:/intelFPGA_lite/guess_number/controller.v Line: 56
Info (12128): Elaborating entity "Match" for hierarchy "Match:mt" File: C:/intelFPGA_lite/guess_number/final.v Line: 21
Info (12128): Elaborating entity "SevenDisplay" for hierarchy "SevenDisplay:sd" File: C:/intelFPGA_lite/guess_number/final.v Line: 22
Info (12128): Elaborating entity "DotMatrix" for hierarchy "DotMatrix:dm" File: C:/intelFPGA_lite/guess_number/final.v Line: 23
Warning (10230): Verilog HDL assignment warning at DotMatrix.v(19): truncated value with size 32 to match size of target (3) File: C:/intelFPGA_lite/guess_number/DotMatrix.v Line: 19
Warning (12241): 1 hierarchies have connectivity warnings - see the Connectivity Checks report folder
Warning (13024): Output pins are stuck at VCC or GND
    Warning (13410): Pin "o1[0]" is stuck at VCC File: C:/intelFPGA_lite/guess_number/final.v Line: 8
    Warning (13410): Pin "o1[1]" is stuck at VCC File: C:/intelFPGA_lite/guess_number/final.v Line: 8
    Warning (13410): Pin "o1[2]" is stuck at GND File: C:/intelFPGA_lite/guess_number/final.v Line: 8
    Warning (13410): Pin "o1[3]" is stuck at GND File: C:/intelFPGA_lite/guess_number/final.v Line: 8
    Warning (13410): Pin "o1[4]" is stuck at GND File: C:/intelFPGA_lite/guess_number/final.v Line: 8
    Warning (13410): Pin "o1[5]" is stuck at GND File: C:/intelFPGA_lite/guess_number/final.v Line: 8
    Warning (13410): Pin "o1[6]" is stuck at GND File: C:/intelFPGA_lite/guess_number/final.v Line: 8
    Warning (13410): Pin "o2[1]" is stuck at GND File: C:/intelFPGA_lite/guess_number/final.v Line: 8
    Warning (13410): Pin "o3[0]" is stuck at GND File: C:/intelFPGA_lite/guess_number/final.v Line: 8
    Warning (13410): Pin "o3[1]" is stuck at GND File: C:/intelFPGA_lite/guess_number/final.v Line: 8
    Warning (13410): Pin "o3[2]" is stuck at GND File: C:/intelFPGA_lite/guess_number/final.v Line: 8
    Warning (13410): Pin "o3[3]" is stuck at VCC File: C:/intelFPGA_lite/guess_number/final.v Line: 8
    Warning (13410): Pin "o3[4]" is stuck at GND File: C:/intelFPGA_lite/guess_number/final.v Line: 8
    Warning (13410): Pin "o3[5]" is stuck at GND File: C:/intelFPGA_lite/guess_number/final.v Line: 8
    Warning (13410): Pin "o3[6]" is stuck at GND File: C:/intelFPGA_lite/guess_number/final.v Line: 8
    Warning (13410): Pin "o4[1]" is stuck at GND File: C:/intelFPGA_lite/guess_number/final.v Line: 8
    Warning (13410): Pin "dot_col1[0]" is stuck at GND File: C:/intelFPGA_lite/guess_number/final.v Line: 9
    Warning (13410): Pin "dot_col1[7]" is stuck at GND File: C:/intelFPGA_lite/guess_number/final.v Line: 9
    Warning (13410): Pin "dot_col2[0]" is stuck at GND File: C:/intelFPGA_lite/guess_number/final.v Line: 9
Info (286030): Timing-Driven Synthesis is running
Info (144001): Generated suppressed messages file C:/intelFPGA_lite/guess_number/output_files/final.map.smsg
Info (16010): Generating hard_block partition "hard_block:auto_generated_inst"
    Info (16011): Adding 0 node(s), including 0 DDIO, 0 PLL, 0 transceiver and 0 LCELL
Warning (21074): Design contains 5 input pin(s) that do not drive logic
    Warning (15610): No output dependent on input pin "seven_reset" File: C:/intelFPGA_lite/guess_number/final.v Line: 3
    Warning (15610): No output dependent on input pin "digit[0]" File: C:/intelFPGA_lite/guess_number/final.v Line: 4
    Warning (15610): No output dependent on input pin "digit[1]" File: C:/intelFPGA_lite/guess_number/final.v Line: 4
    Warning (15610): No output dependent on input pin "digit[2]" File: C:/intelFPGA_lite/guess_number/final.v Line: 4
    Warning (15610): No output dependent on input pin "digit[3]" File: C:/intelFPGA_lite/guess_number/final.v Line: 4
Info (21057): Implemented 305 device resources after synthesis - the final resource count might be different
    Info (21058): Implemented 18 input pins
    Info (21059): Implemented 63 output pins
    Info (21061): Implemented 224 logic cells
Info: Quartus Prime Analysis & Synthesis was successful. 0 errors, 54 warnings
    Info: Peak virtual memory: 4826 megabytes
    Info: Processing ended: Fri Dec 30 14:42:17 2022
    Info: Elapsed time: 00:00:09
    Info: Total CPU time (on all processors): 00:00:18


+------------------------------------------+
; Analysis & Synthesis Suppressed Messages ;
+------------------------------------------+
The suppressed messages can be found in C:/intelFPGA_lite/guess_number/output_files/final.map.smsg.


